<?xml version="1.0" encoding="UTF-8"?>
<!-- Generated by org.testng.reporters.JUnitXMLReporter -->
<testsuite ignored="0" hostname="DESKTOP-DK3OC0E" failures="0" tests="5" name="Test" time="0.088" errors="0" timestamp="2022-02-19T20:48:13 EET">
  <testcase classname="sajamaven.Mavensaja.AppiumTest" name="AppiumCase1" time="0.012"/>
  <testcase classname="sajamaven.Mavensaja.AppiumTest" name="AppiumCase2" time="0.002"/>
  <testcase classname="sajamaven.Mavensaja.SeleniumTest" name="seleiumCase1" time="0.002"/>
  <testcase classname="sajamaven.Mavensaja.SeleniumTest" name="seleiumCase2" time="0.004"/>
  <testcase classname="sajamaven.Mavensaja.SeleniumTest" name="seleiumCase3" time="0.002"/>
</testsuite> <!-- Test -->
