<?xml version="1.0" encoding="UTF-8"?>
<!-- Generated by org.testng.reporters.JUnitXMLReporter -->
<testsuite ignored="0" hostname="DESKTOP-DK3OC0E" failures="0" tests="6" name="Command line test" time="0.056" errors="0" timestamp="2022-02-19T20:48:29 EET">
  <testcase classname="NewTest" name="f" time="0.005"/>
  <testcase classname="sajamaven.Mavensaja.AppiumTest" name="AppiumCase1" time="0.0"/>
  <testcase classname="sajamaven.Mavensaja.AppiumTest" name="AppiumCase2" time="0.0"/>
  <testcase classname="sajamaven.Mavensaja.SeleniumTest" name="seleiumCase1" time="0.0"/>
  <testcase classname="sajamaven.Mavensaja.SeleniumTest" name="seleiumCase2" time="0.001"/>
  <testcase classname="sajamaven.Mavensaja.SeleniumTest" name="seleiumCase3" time="0.001"/>
</testsuite> <!-- Command line test -->
