<?xml version="1.0" encoding="UTF-8" ?>
<testsuite tests="6" failures="0" name="TestSuite" time="0.008" errors="0" skipped="0">
  <properties>
[...]
</properties>
  <testcase classname="NewTest" name="f" time="0.007"/>
  <testcase classname="sajamaven.Mavensaja.AppiumTest" name="AppiumCase1" time="0.001"/>
  <testcase classname="sajamaven.Mavensaja.AppiumTest" name="AppiumCase2" time="0"/>
  <testcase classname="sajamaven.Mavensaja.SeleniumTest" name="seleiumCase1" time="0"/>
  <testcase classname="sajamaven.Mavensaja.SeleniumTest" name="seleiumCase2" time="0"/>
  <testcase classname="sajamaven.Mavensaja.SeleniumTest" name="seleiumCase3" time="0"/>
</testsuite>