<?xml version="1.0" encoding="UTF-8"?>
<testng-results ignored="0" total="6" passed="6" failed="0" skipped="0">
  <reporter-output>
  </reporter-output>
  <suite started-at="2022-02-19T20:48:28 EET" name="Command line suite" finished-at="2022-02-19T20:48:28 EET" duration-ms="56">
    <groups>
    </groups>
    <test started-at="2022-02-19T20:48:28 EET" name="Command line test" finished-at="2022-02-19T20:48:28 EET" duration-ms="56">
      <class name="NewTest">
        <test-method signature="f()[pri:0, instance:NewTest@765d7657]" started-at="2022-02-19T20:48:28 EET" name="f" finished-at="2022-02-19T20:48:28 EET" duration-ms="5" status="PASS">
          <reporter-output>
          </reporter-output>
        </test-method> <!-- f -->
      </class> <!-- NewTest -->
      <class name="sajamaven.Mavensaja.AppiumTest">
        <test-method signature="AppiumCase1()[pri:0, instance:sajamaven.Mavensaja.AppiumTest@75d4a5c2]" started-at="2022-02-19T20:48:28 EET" name="AppiumCase1" finished-at="2022-02-19T20:48:28 EET" duration-ms="0" status="PASS">
          <reporter-output>
          </reporter-output>
        </test-method> <!-- AppiumCase1 -->
        <test-method signature="AppiumCase2()[pri:0, instance:sajamaven.Mavensaja.AppiumTest@75d4a5c2]" started-at="2022-02-19T20:48:28 EET" name="AppiumCase2" finished-at="2022-02-19T20:48:28 EET" duration-ms="0" status="PASS">
          <reporter-output>
          </reporter-output>
        </test-method> <!-- AppiumCase2 -->
      </class> <!-- sajamaven.Mavensaja.AppiumTest -->
      <class name="sajamaven.Mavensaja.SeleniumTest">
        <test-method signature="seleiumCase2()[pri:0, instance:sajamaven.Mavensaja.SeleniumTest@557caf28]" started-at="2022-02-19T20:48:28 EET" name="seleiumCase2" finished-at="2022-02-19T20:48:28 EET" duration-ms="1" status="PASS">
          <reporter-output>
          </reporter-output>
        </test-method> <!-- seleiumCase2 -->
        <test-method signature="seleiumCase1()[pri:0, instance:sajamaven.Mavensaja.SeleniumTest@557caf28]" started-at="2022-02-19T20:48:28 EET" name="seleiumCase1" finished-at="2022-02-19T20:48:28 EET" duration-ms="0" status="PASS">
          <reporter-output>
          </reporter-output>
        </test-method> <!-- seleiumCase1 -->
        <test-method signature="seleiumCase3()[pri:0, instance:sajamaven.Mavensaja.SeleniumTest@557caf28]" started-at="2022-02-19T20:48:28 EET" name="seleiumCase3" finished-at="2022-02-19T20:48:28 EET" duration-ms="1" status="PASS">
          <reporter-output>
          </reporter-output>
        </test-method> <!-- seleiumCase3 -->
      </class> <!-- sajamaven.Mavensaja.SeleniumTest -->
    </test> <!-- Command line test -->
  </suite> <!-- Command line suite -->
</testng-results>
