<?xml version="1.0" encoding="UTF-8"?>
<testng-results ignored="0" total="5" passed="5" failed="0" skipped="0">
  <reporter-output>
  </reporter-output>
  <suite started-at="2022-02-19T20:48:13 EET" name="Suite" finished-at="2022-02-19T20:48:13 EET" duration-ms="88">
    <groups>
    </groups>
    <test started-at="2022-02-19T20:48:13 EET" name="Test" finished-at="2022-02-19T20:48:13 EET" duration-ms="88">
      <class name="sajamaven.Mavensaja.AppiumTest">
        <test-method signature="AppiumCase1()[pri:0, instance:sajamaven.Mavensaja.AppiumTest@25084a1e]" started-at="2022-02-19T20:48:13 EET" name="AppiumCase1" finished-at="2022-02-19T20:48:13 EET" duration-ms="12" status="PASS">
          <reporter-output>
          </reporter-output>
        </test-method> <!-- AppiumCase1 -->
        <test-method signature="AppiumCase2()[pri:0, instance:sajamaven.Mavensaja.AppiumTest@25084a1e]" started-at="2022-02-19T20:48:13 EET" name="AppiumCase2" finished-at="2022-02-19T20:48:13 EET" duration-ms="2" status="PASS">
          <reporter-output>
          </reporter-output>
        </test-method> <!-- AppiumCase2 -->
      </class> <!-- sajamaven.Mavensaja.AppiumTest -->
      <class name="sajamaven.Mavensaja.SeleniumTest">
        <test-method signature="seleiumCase1()[pri:0, instance:sajamaven.Mavensaja.SeleniumTest@7e7be63f]" started-at="2022-02-19T20:48:13 EET" name="seleiumCase1" finished-at="2022-02-19T20:48:13 EET" duration-ms="2" status="PASS">
          <reporter-output>
          </reporter-output>
        </test-method> <!-- seleiumCase1 -->
        <test-method signature="seleiumCase2()[pri:0, instance:sajamaven.Mavensaja.SeleniumTest@7e7be63f]" started-at="2022-02-19T20:48:13 EET" name="seleiumCase2" finished-at="2022-02-19T20:48:13 EET" duration-ms="4" status="PASS">
          <reporter-output>
          </reporter-output>
        </test-method> <!-- seleiumCase2 -->
        <test-method signature="seleiumCase3()[pri:0, instance:sajamaven.Mavensaja.SeleniumTest@7e7be63f]" started-at="2022-02-19T20:48:13 EET" name="seleiumCase3" finished-at="2022-02-19T20:48:13 EET" duration-ms="2" status="PASS">
          <reporter-output>
          </reporter-output>
        </test-method> <!-- seleiumCase3 -->
      </class> <!-- sajamaven.Mavensaja.SeleniumTest -->
    </test> <!-- Test -->
  </suite> <!-- Suite -->
</testng-results>
